#
# There is insufficient memory for the Java Runtime Environment to continue.
# Native memory allocation (malloc) failed to allocate 199056 bytes for Chunk::new
# Possible reasons:
#   The system is out of physical RAM or swap space
#   In 32 bit mode, the process size limit was hit
# Possible solutions:
#   Reduce memory load on the system
#   Increase physical memory or swap space
#   Check if swap backing store is full
#   Use 64 bit Java on a 64 bit OS
#   Decrease Java heap size (-Xmx/-Xms)
#   Decrease number of Java threads
#   Decrease Java thread stack sizes (-Xss)
#   Set larger code cache with -XX:ReservedCodeCacheSize=
# This output file may be truncated or incomplete.
#
#  Out of Memory Error (allocation.cpp:390), pid=13236, tid=0x00000000000022f0
#
# JRE version: Java(TM) SE Runtime Environment (8.0_101-b13) (build 1.8.0_101-b13)
# Java VM: Java HotSpot(TM) 64-Bit Server VM (25.101-b13 mixed mode windows-amd64 compressed oops)
# Failed to write core dump. Minidumps are not enabled by default on client versions of Windows
#

---------------  T H R E A D  ---------------

Current thread (0x00000000150be000):  JavaThread "C2 CompilerThread1" daemon [_thread_in_native, id=8944, stack(0x0000000016ac0000,0x0000000016bc0000)]

Stack: [0x0000000016ac0000,0x0000000016bc0000]
[error occurred during error reporting (printing stack bounds), id 0xc0000005]

Native frames: (J=compiled Java code, j=interpreted, Vv=VM code, C=native code)


Current CompileTask:
C2:   1081 1124       4       com.android.dx.ssa.SCCP::simulateBranch (666 bytes)


---------------  P R O C E S S  ---------------

Java Threads: ( => current thread )
  0x0000000016807800 JavaThread "pool-1-thread-1" [_thread_in_Java, id=13164, stack(0x0000000016ec0000,0x0000000016fc0000)]
  0x0000000016723800 JavaThread "Service Thread" daemon [_thread_blocked, id=13764, stack(0x0000000016cc0000,0x0000000016dc0000)]
  0x000000001671b800 JavaThread "C1 CompilerThread2" daemon [_thread_blocked, id=13468, stack(0x0000000016bc0000,0x0000000016cc0000)]
=>0x00000000150be000 JavaThread "C2 CompilerThread1" daemon [_thread_in_native, id=8944, stack(0x0000000016ac0000,0x0000000016bc0000)]
  0x00000000150ba800 JavaThread "C2 CompilerThread0" daemon [_thread_in_native, id=6496, stack(0x00000000165c0000,0x00000000166c0000)]
  0x00000000150b9800 JavaThread "Attach Listener" daemon [_thread_blocked, id=9376, stack(0x00000000164c0000,0x00000000165c0000)]
  0x000000001506d800 JavaThread "Signal Dispatcher" daemon [_thread_blocked, id=1332, stack(0x00000000163c0000,0x00000000164c0000)]
  0x000000000290b000 JavaThread "Finalizer" daemon [_thread_blocked, id=6464, stack(0x00000000162c0000,0x00000000163c0000)]
  0x0000000002900000 JavaThread "Reference Handler" daemon [_thread_blocked, id=7772, stack(0x00000000161c0000,0x00000000162c0000)]
  0x0000000002811000 JavaThread "main" [_thread_blocked, id=9328, stack(0x0000000002380000,0x0000000002480000)]

Other Threads:
  0x0000000015028000 VMThread [stack: 0x00000000160c0000,0x00000000161c0000] [id=7676]
  0x0000000016785800 WatcherThread [stack: 0x0000000016dc0000,0x0000000016ec0000] [id=5792]

VM state:not at safepoint (normal execution)

VM Mutex/Monitor currently owned by a thread: None

Heap:
 PSYoungGen      total 37888K, used 14334K [0x00000000eab00000, 0x00000000ed500000, 0x0000000100000000)
  eden space 32768K, 28% used [0x00000000eab00000,0x00000000eb402a70,0x00000000ecb00000)
  from space 5120K, 99% used [0x00000000ed000000,0x00000000ed4fcf68,0x00000000ed500000)
  to   space 5120K, 0% used [0x00000000ecb00000,0x00000000ecb00000,0x00000000ed000000)
 ParOldGen       total 86016K, used 14950K [0x00000000c0000000, 0x00000000c5400000, 0x00000000eab00000)
  object space 86016K, 17% used [0x00000000c0000000,0x00000000c0e99b10,0x00000000c5400000)
 Metaspace       used 5901K, capacity 7024K, committed 7296K, reserved 1056768K
  class space    used 595K, capacity 616K, committed 640K, reserved 1048576K

Card table byte_map: [0x0000000011d50000,0x0000000011f60000] byte_map_base: 0x0000000011750000

Marking Bits: (ParMarkBitMap*) 0x000000005867a6d0
 Begin Bits: [0x00000000124c0000, 0x00000000134c0000)
 End Bits:   [0x00000000134c0000, 0x00000000144c0000)

Polling page: 0x00000000008d0000

CodeCache: size=245760Kb used=4903Kb max_used=4922Kb free=240856Kb
 bounds [0x0000000002990000, 0x0000000002e70000, 0x0000000011990000]
 total_blobs=1538 nmethods=1274 adapters=177
 compilation: enabled

Compilation events (10 events):
Event: 1.074 Thread 0x000000001671b800 1301       1       com.android.dx.dex.code.form.Form22c::codeSize (2 bytes)
Event: 1.075 Thread 0x000000001671b800 nmethod 1301 0x0000000002e49750 code [0x0000000002e498a0, 0x0000000002e499b0]
Event: 1.076 Thread 0x000000001671b800 1302       1       com.android.dx.dex.code.form.Form31c::codeSize (2 bytes)
Event: 1.076 Thread 0x000000001671b800 nmethod 1302 0x0000000002e49490 code [0x0000000002e495e0, 0x0000000002e496f0]
Event: 1.077 Thread 0x000000001671b800 1303       2       com.android.dx.dex.code.form.Form12x::isCompatible (119 bytes)
Event: 1.078 Thread 0x000000001671b800 nmethod 1303 0x0000000002e48a90 code [0x0000000002e48c40, 0x0000000002e490c8]
Event: 1.078 Thread 0x00000000150ba800 nmethod 1281 0x0000000002e44a10 code [0x0000000002e44b80, 0x0000000002e451f8]
Event: 1.078 Thread 0x00000000150ba800 1177       4       com.android.dx.rop.cst.CstMemberRef::compareTo0 (49 bytes)
Event: 1.080 Thread 0x00000000150ba800 nmethod 1177 0x0000000002e42c10 code [0x0000000002e42d60, 0x0000000002e43118]
Event: 1.080 Thread 0x00000000150ba800 1280       4       com.android.dx.rop.type.Type::compareTo (9 bytes)

GC Heap History (4 events):
Event: 0.846 GC heap before
{Heap before GC invocations=1 (full 0):
 PSYoungGen      total 37888K, used 32768K [0x00000000eab00000, 0x00000000ed500000, 0x0000000100000000)
  eden space 32768K, 100% used [0x00000000eab00000,0x00000000ecb00000,0x00000000ecb00000)
  from space 5120K, 0% used [0x00000000ed000000,0x00000000ed000000,0x00000000ed500000)
  to   space 5120K, 0% used [0x00000000ecb00000,0x00000000ecb00000,0x00000000ed000000)
 ParOldGen       total 86016K, used 0K [0x00000000c0000000, 0x00000000c5400000, 0x00000000eab00000)
  object space 86016K, 0% used [0x00000000c0000000,0x00000000c0000000,0x00000000c5400000)
 Metaspace       used 5676K, capacity 6832K, committed 7040K, reserved 1056768K
  class space    used 577K, capacity 616K, committed 640K, reserved 1048576K
Event: 0.860 GC heap after
Heap after GC invocations=1 (full 0):
 PSYoungGen      total 37888K, used 5107K [0x00000000eab00000, 0x00000000ed500000, 0x0000000100000000)
  eden space 32768K, 0% used [0x00000000eab00000,0x00000000eab00000,0x00000000ecb00000)
  from space 5120K, 99% used [0x00000000ecb00000,0x00000000ecffcf68,0x00000000ed000000)
  to   space 5120K, 0% used [0x00000000ed000000,0x00000000ed000000,0x00000000ed500000)
 ParOldGen       total 86016K, used 4400K [0x00000000c0000000, 0x00000000c5400000, 0x00000000eab00000)
  object space 86016K, 5% used [0x00000000c0000000,0x00000000c044c2e8,0x00000000c5400000)
 Metaspace       used 5676K, capacity 6832K, committed 7040K, reserved 1056768K
  class space    used 577K, capacity 616K, committed 640K, reserved 1048576K
}
Event: 0.958 GC heap before
{Heap before GC invocations=2 (full 0):
 PSYoungGen      total 37888K, used 37875K [0x00000000eab00000, 0x00000000ed500000, 0x0000000100000000)
  eden space 32768K, 100% used [0x00000000eab00000,0x00000000ecb00000,0x00000000ecb00000)
  from space 5120K, 99% used [0x00000000ecb00000,0x00000000ecffcf68,0x00000000ed000000)
  to   space 5120K, 0% used [0x00000000ed000000,0x00000000ed000000,0x00000000ed500000)
 ParOldGen       total 86016K, used 4400K [0x00000000c0000000, 0x00000000c5400000, 0x00000000eab00000)
  object space 86016K, 5% used [0x00000000c0000000,0x00000000c044c2e8,0x00000000c5400000)
 Metaspace       used 5687K, capacity 6832K, committed 7040K, reserved 1056768K
  class space    used 577K, capacity 616K, committed 640K, reserved 1048576K
Event: 0.972 GC heap after
Heap after GC invocations=2 (full 0):
 PSYoungGen      total 37888K, used 5107K [0x00000000eab00000, 0x00000000ed500000, 0x0000000100000000)
  eden space 32768K, 0% used [0x00000000eab00000,0x00000000eab00000,0x00000000ecb00000)
  from space 5120K, 99% used [0x00000000ed000000,0x00000000ed4fcf68,0x00000000ed500000)
  to   space 5120K, 0% used [0x00000000ecb00000,0x00000000ecb00000,0x00000000ed000000)
 ParOldGen       total 86016K, used 14950K [0x00000000c0000000, 0x00000000c5400000, 0x00000000eab00000)
  object space 86016K, 17% used [0x00000000c0000000,0x00000000c0e99b10,0x00000000c5400000)
 Metaspace       used 5687K, capacity 6832K, committed 7040K, reserved 1056768K
  class space    used 577K, capacity 616K, committed 640K, reserved 1048576K
}

Deoptimization events (10 events):
Event: 1.027 Thread 0x0000000016807800 Uncommon trap: reason=class_check action=maybe_recompile pc=0x0000000002dee618 method=java.util.HashMap.putVal(ILjava/lang/Object;Ljava/lang/Object;ZZ)Ljava/lang/Object; @ 203
Event: 1.037 Thread 0x0000000016807800 Uncommon trap: reason=bimorphic action=maybe_recompile pc=0x0000000002c11d48 method=java.util.HashMap.getNode(ILjava/lang/Object;)Ljava/util/HashMap$Node; @ 126
Event: 1.038 Thread 0x0000000016807800 Uncommon trap: reason=bimorphic action=maybe_recompile pc=0x0000000002c11d48 method=java.util.HashMap.getNode(ILjava/lang/Object;)Ljava/util/HashMap$Node; @ 126
Event: 1.038 Thread 0x0000000016807800 Uncommon trap: reason=bimorphic action=maybe_recompile pc=0x0000000002c11d48 method=java.util.HashMap.getNode(ILjava/lang/Object;)Ljava/util/HashMap$Node; @ 126
Event: 1.050 Thread 0x0000000016807800 Uncommon trap: reason=speculate_class_check action=maybe_recompile pc=0x0000000002d9ff48 method=com.android.dx.util.FixedSizeList.equals(Ljava/lang/Object;)Z @ 25
Event: 1.050 Thread 0x0000000016807800 Uncommon trap: reason=class_check action=maybe_recompile pc=0x0000000002d805cc method=java.util.Arrays.equals([Ljava/lang/Object;[Ljava/lang/Object;)Z @ 62
Event: 1.050 Thread 0x0000000016807800 Uncommon trap: reason=speculate_class_check action=maybe_recompile pc=0x0000000002d9ff48 method=com.android.dx.util.FixedSizeList.equals(Ljava/lang/Object;)Z @ 25
Event: 1.050 Thread 0x0000000016807800 Uncommon trap: reason=unstable_if action=reinterpret pc=0x0000000002d80600 method=java.util.Arrays.equals([Ljava/lang/Object;[Ljava/lang/Object;)Z @ 23
Event: 1.054 Thread 0x0000000016807800 Uncommon trap: reason=speculate_class_check action=maybe_recompile pc=0x0000000002d9ff48 method=com.android.dx.util.FixedSizeList.equals(Ljava/lang/Object;)Z @ 25
Event: 1.054 Thread 0x0000000016807800 Uncommon trap: reason=speculate_class_check action=maybe_recompile pc=0x0000000002d9ff48 method=com.android.dx.util.FixedSizeList.equals(Ljava/lang/Object;)Z @ 25

Internal exceptions (3 events):
Event: 0.134 Thread 0x0000000002811000 Exception <a 'java/lang/NoSuchMethodError': Method sun.misc.Unsafe.defineClass(Ljava/lang/String;[BII)Ljava/lang/Class; name or signature does not match> (0x00000000eab07cc0) thrown at [C:\re\workspace\8-2-build-windows-amd64-cygwin\jdk8u101\7261\hotspot\sðl£÷'Á?
Event: 0.134 Thread 0x0000000002811000 Exception <a 'java/lang/NoSuchMethodError': Method sun.misc.Unsafe.prefetchRead(Ljava/lang/Object;J)V name or signature does not match> (0x00000000eab07fa8) thrown at [C:\re\workspace\8-2-build-windows-amd64-cygwin\jdk8u101\7261\hotspot\src\share\vm\prims\ >¥}÷ôæ?
Event: 0.717 Thread 0x0000000016820000 Implicit null exception at 0x0000000002cf0922 to 0x0000000002cf0a1a

Events (10 events):
Event: 1.051 loading class com/android/dx/util/ByteArrayAnnotatedOutput
Event: 1.051 loading class com/android/dx/util/ByteArrayAnnotatedOutput done
Event: 1.054 Thread 0x0000000016807800 Uncommon trap: trap_request=0xffffff76 fr.pc=0x0000000002d9ff48
Event: 1.054 Thread 0x0000000016807800 DEOPT PACKING pc=0x0000000002d9ff48 sp=0x0000000016fbeac0
Event: 1.054 Thread 0x0000000016807800 DEOPT UNPACKING pc=0x00000000029d582a sp=0x0000000016fbea80 mode 2
Event: 1.054 Thread 0x0000000016807800 Uncommon trap: trap_request=0xffffff76 fr.pc=0x0000000002d9ff48
Event: 1.054 Thread 0x0000000016807800 DEOPT PACKING pc=0x0000000002d9ff48 sp=0x0000000016fbeac0
Event: 1.054 Thread 0x0000000016807800 DEOPT UNPACKING pc=0x00000000029d582a sp=0x0000000016fbea80 mode 2
Event: 1.069 Thread 0x0000000016807800 DEOPT PACKING pc=0x0000000002e302f6 sp=0x0000000016fbebd0
Event: 1.069 Thread 0x0000000016807800 DEOPT UNPACKING pc=0x00000000029d787f sp=0x0000000016fbe980 mode 0


Dynamic libraries:
0x00007ff717ef0000 - 0x00007ff717f27000 	G:\Java\JDK\bin\java.exe
0x00007ffac5950000 - 0x00007ffac5b12000 	C:\Windows\SYSTEM32\ntdll.dll
0x00007ffac3580000 - 0x00007ffac362d000 	C:\Windows\system32\KERNEL32.DLL
0x00007ffac2e40000 - 0x00007ffac301d000 	C:\Windows\system32\KERNELBASE.dll
0x00007ffac5390000 - 0x00007ffac5436000 	C:\Windows\system32\ADVAPI32.dll
0x00007ffac58b0000 - 0x00007ffac594d000 	C:\Windows\system32\msvcrt.dll
0x00007ffac5850000 - 0x00007ffac58ab000 	C:\Windows\system32\sechost.dll
0x00007ffac33e0000 - 0x00007ffac3506000 	C:\Windows\system32\RPCRT4.dll
0x00007ffac36f0000 - 0x00007ffac383e000 	C:\Windows\system32\USER32.dll
0x00007ffac5440000 - 0x00007ffac55c5000 	C:\Windows\system32\GDI32.dll
0x00007ffabce50000 - 0x00007ffabd0c4000 	C:\Windows\WinSxS\amd64_microsoft.windows.common-controls_6595b64144ccf1df_6.0.10240.16384_none_f41f7b285750ef43\COMCTL32.dll
0x00007ffac3bd0000 - 0x00007ffac3c06000 	C:\Windows\system32\IMM32.DLL
0x00007ffac3a60000 - 0x00007ffac3bbc000 	C:\Windows\system32\MSCTF.dll
0x0000000058700000 - 0x00000000587d2000 	G:\Java\JDK\jre\bin\msvcr100.dll
0x0000000057e60000 - 0x00000000586fa000 	G:\Java\JDK\jre\bin\server\jvm.dll
0x00007ffac3510000 - 0x00007ffac3518000 	C:\Windows\system32\PSAPI.DLL
0x00007ffab7dd0000 - 0x00007ffab7dd9000 	C:\Windows\SYSTEM32\WSOCK32.dll
0x00007ffac3910000 - 0x00007ffac3979000 	C:\Windows\system32\WS2_32.dll
0x00007ffac3bc0000 - 0x00007ffac3bc8000 	C:\Windows\system32\NSI.dll
0x00007ffac0480000 - 0x00007ffac04a3000 	C:\Windows\SYSTEM32\WINMM.dll
0x00007ffabfb40000 - 0x00007ffabfb4a000 	C:\Windows\SYSTEM32\VERSION.dll
0x00007ffac0420000 - 0x00007ffac044c000 	C:\Windows\SYSTEM32\WINMMBASE.dll
0x00007ffac27c0000 - 0x00007ffac2804000 	C:\Windows\system32\cfgmgr32.dll
0x00007ffac0cf0000 - 0x00007ffac0d17000 	C:\Windows\SYSTEM32\DEVOBJ.dll
0x0000000057e50000 - 0x0000000057e5f000 	G:\Java\JDK\jre\bin\verify.dll
0x0000000057e20000 - 0x0000000057e49000 	G:\Java\JDK\jre\bin\java.dll
0x0000000057e00000 - 0x0000000057e16000 	G:\Java\JDK\jre\bin\zip.dll
0x00007ffac3e60000 - 0x00007ffac5383000 	C:\Windows\system32\SHELL32.dll
0x00007ffac2810000 - 0x00007ffac2e39000 	C:\Windows\system32\windows.storage.dll
0x00007ffac55d0000 - 0x00007ffac584c000 	C:\Windows\system32\combase.dll
0x00007ffac3520000 - 0x00007ffac3571000 	C:\Windows\system32\shlwapi.dll
0x00007ffac23f0000 - 0x00007ffac23ff000 	C:\Windows\system32\kernel.appcore.dll
0x00007ffac2420000 - 0x00007ffac24d3000 	C:\Windows\system32\shcore.dll
0x00007ffac23a0000 - 0x00007ffac23ea000 	C:\Windows\system32\powrprof.dll
0x00007ffac2400000 - 0x00007ffac2413000 	C:\Windows\system32\profapi.dll

VM Arguments:
jvm_args: -Djava.awt.headless=true -Xmx1024M -Dfile.encoding=GBK -Duser.country=CN -Duser.language=zh -Duser.variant 
java_command: com.android.dx.command.Main --dex --force-jumbo --num-threads=4 --multi-dex --output G:\Android\Projects\ZXingLib-master\app\build\intermediates\transforms\dex\debug\folders\1000\5\slice_8 G:\Android\Projects\ZXingLib-master\app\build\intermediates\transforms\instantRunSlicer\debug\folders\1\5\slice_8
java_class_path (initial): G:\Android\AndroidSDK\build-tools\23.0.0\lib\dx.jar
Launcher Type: SUN_STANDARD

Environment Variables:
JAVA_HOME=G:\Java\JDK\
CLASSPATH=.;G:\Java\JDK\\lib\dt.jar;G:\Java\JDK\\lib\tools.jar;
PATH=C:\ProgramData\Oracle\Java\javapath;G:\Java\JDK\\bin;G:\Java\JDK\\jre\bin;D:\AOMEI Backupper 3.5;C:\Windows\system32;C:\Windows\System32\wbem;D:\Python\Scripts\;D:\Python\;D:\Microsoft Visual Studio\Common\Tools\WinNT;D:\Microsoft Visual Studio\Common\MSDev98\Bin;D:\Microsoft Visual Studio\Common\Tools;D:\Microsoft Visual Studio\VC98\bin;C:\Windows\System32\wbem
USERNAME=SuperChen
OS=Windows_NT
PROCESSOR_IDENTIFIER=Intel64 Family 6 Model 94 Stepping 3, GenuineIntel



---------------  S Y S T E M  ---------------

OS: Windows 10.0 , 64 bit Build 10240 (10.0.10240.16384)

CPU:total 4 (4 cores per cpu, 1 threads per core) family 6 model 94 stepping 3, cmov, cx8, fxsr, mmx, sse, sse2, sse3, ssse3, sse4.1, sse4.2, popcnt, avx, avx2, aes, clmul, erms, rtm, 3dnowpref, lzcnt, tsc, tscinvbit, bmi1, bmi2, adx

Memory: 4k page, physical 8245152k(315248k free), swap 9293728k(5140k free)

vm_info: Java HotSpot(TM) 64-Bit Server VM (25.101-b13) for windows-amd64 JRE (1.8.0_101-b13), built on Jun 22 2016 01:21:29 by "java_re" with MS VC++ 10.0 (VS2010)

time: Sat Nov 05 20:57:17 2016
elapsed time: 1 seconds (0d 0h 0m 1s)

