#
# There is insufficient memory for the Java Runtime Environment to continue.
# Native memory allocation (malloc) failed to allocate 32744 bytes for ChunkPool::allocate
# Possible reasons:
#   The system is out of physical RAM or swap space
#   In 32 bit mode, the process size limit was hit
# Possible solutions:
#   Reduce memory load on the system
#   Increase physical memory or swap space
#   Check if swap backing store is full
#   Use 64 bit Java on a 64 bit OS
#   Decrease Java heap size (-Xmx/-Xms)
#   Decrease number of Java threads
#   Decrease Java thread stack sizes (-Xss)
#   Set larger code cache with -XX:ReservedCodeCacheSize=
# This output file may be truncated or incomplete.
#
#  Out of Memory Error (allocation.cpp:273), pid=14208, tid=0x00000000000004a0
#
# JRE version: Java(TM) SE Runtime Environment (8.0_101-b13) (build 1.8.0_101-b13)
# Java VM: Java HotSpot(TM) 64-Bit Server VM (25.101-b13 mixed mode windows-amd64 compressed oops)
# Failed to write core dump. Minidumps are not enabled by default on client versions of Windows
#

---------------  T H R E A D  ---------------

Current thread (0x000000001537e000):  JavaThread "C2 CompilerThread1" daemon [_thread_in_native, id=1184, stack(0x0000000016d90000,0x0000000016e90000)]

Stack: [0x0000000016d90000,0x0000000016e90000]
[error occurred during error reporting (printing stack bounds), id 0xc0000005]

Native frames: (J=compiled Java code, j=interpreted, Vv=VM code, C=native code)


Current CompileTask:
C2:    871  133       4       java.util.concurrent.ConcurrentHashMap::setTabAt (19 bytes)


---------------  P R O C E S S  ---------------

Java Threads: ( => current thread )
  0x00000000167d6000 JavaThread "pool-1-thread-1" [_thread_in_vm, id=14144, stack(0x0000000017190000,0x0000000017290000)]
  0x00000000166f3800 JavaThread "Service Thread" daemon [_thread_blocked, id=1508, stack(0x0000000016f90000,0x0000000017090000)]
  0x00000000166eb000 JavaThread "C1 CompilerThread2" daemon [_thread_in_native, id=9036, stack(0x0000000016e90000,0x0000000016f90000)]
=>0x000000001537e000 JavaThread "C2 CompilerThread1" daemon [_thread_in_native, id=1184, stack(0x0000000016d90000,0x0000000016e90000)]
  0x0000000015371800 JavaThread "C2 CompilerThread0" daemon [_thread_blocked, id=13432, stack(0x0000000016c90000,0x0000000016d90000)]
  0x000000001532e000 JavaThread "Attach Listener" daemon [_thread_blocked, id=2424, stack(0x0000000016b90000,0x0000000016c90000)]
  0x000000001532d000 JavaThread "Signal Dispatcher" daemon [_thread_blocked, id=8048, stack(0x0000000016a90000,0x0000000016b90000)]
  0x0000000002c45800 JavaThread "Finalizer" daemon [_thread_blocked, id=7524, stack(0x0000000016590000,0x0000000016690000)]
  0x0000000002c40000 JavaThread "Reference Handler" daemon [_thread_blocked, id=9008, stack(0x0000000016490000,0x0000000016590000)]
  0x0000000002b51000 JavaThread "main" [_thread_blocked, id=7064, stack(0x0000000002500000,0x0000000002600000)]

Other Threads:
  0x00000000152e8000 VMThread [stack: 0x0000000016390000,0x0000000016490000] [id=13520]
  0x0000000016706800 WatcherThread [stack: 0x0000000017090000,0x0000000017190000] [id=7772]

VM state:not at safepoint (normal execution)

VM Mutex/Monitor currently owned by a thread:  ([mutex/lock_event])
[0x0000000002b4c9a0] AdapterHandlerLibrary_lock - owner thread: 0x0000000000000000

Heap:
 PSYoungGen      total 37888K, used 5243K [0x00000000eab00000, 0x00000000ed500000, 0x0000000100000000)
  eden space 32768K, 16% used [0x00000000eab00000,0x00000000eb01ec50,0x00000000ecb00000)
  from space 5120K, 0% used [0x00000000ed000000,0x00000000ed000000,0x00000000ed500000)
  to   space 5120K, 0% used [0x00000000ecb00000,0x00000000ecb00000,0x00000000ed000000)
 ParOldGen       total 86016K, used 0K [0x00000000c0000000, 0x00000000c5400000, 0x00000000eab00000)
  object space 86016K, 0% used [0x00000000c0000000,0x00000000c0000000,0x00000000c5400000)
 Metaspace       used 3886K, capacity 5104K, committed 5376K, reserved 1056768K
  class space    used 440K, capacity 488K, committed 512K, reserved 1048576K

Card table byte_map: [0x0000000012010000,0x0000000012220000] byte_map_base: 0x0000000011a10000

Marking Bits: (ParMarkBitMap*) 0x000000005867a6d0
 Begin Bits: [0x0000000012780000, 0x0000000013780000)
 End Bits:   [0x0000000013780000, 0x0000000014780000)

Polling page: 0x0000000002600000

CodeCache: size=245760Kb used=1310Kb max_used=1310Kb free=244449Kb
 bounds [0x0000000002c50000, 0x0000000002ec0000, 0x0000000011c50000]
 total_blobs=379 nmethods=130 adapters=162
 compilation: enabled

Compilation events (10 events):
Event: 0.864 Thread 0x00000000166eb000  126       3       java.util.WeakHashMap::getTable (9 bytes)
Event: 0.864 Thread 0x00000000166eb000 nmethod 126 0x0000000002d95d50 code [0x0000000002d95ec0, 0x0000000002d96068]
Event: 0.864 Thread 0x00000000166eb000  127   !   3       java.util.WeakHashMap::expungeStaleEntries (139 bytes)
Event: 0.865 Thread 0x00000000166eb000 nmethod 127 0x0000000002d96110 code [0x0000000002d962e0, 0x0000000002d96de8]
Event: 0.865 Thread 0x00000000166eb000  128       3       java.nio.charset.CharsetEncoder::maxBytesPerChar (5 bytes)
Event: 0.865 Thread 0x00000000166eb000 nmethod 128 0x0000000002d97410 code [0x0000000002d97560, 0x0000000002d976b0]
Event: 0.866 Thread 0x00000000166eb000  129       3       java.util.zip.ZipFile::ensureOpen (37 bytes)
Event: 0.866 Thread 0x00000000166eb000 nmethod 129 0x0000000002d97710 code [0x0000000002d978a0, 0x0000000002d97c18]
Event: 0.866 Thread 0x00000000166eb000  131       3       java.util.zip.ZipCoder::getBytes (192 bytes)
Event: 0.867 Thread 0x000000001537e000  133       4       java.util.concurrent.ConcurrentHashMap::setTabAt (19 bytes)

GC Heap History (0 events):
No events

Deoptimization events (0 events):
No events

Internal exceptions (2 events):
Event: 0.235 Thread 0x0000000002b51000 Exception <a 'java/lang/NoSuchMethodError': Method sun.misc.Unsafe.defineClass(Ljava/lang/String;[BII)Ljava/lang/Class; name or signature does not match> (0x00000000eab07cc0) thrown at [C:\re\workspace\8-2-build-windows-amd64-cygwin\jdk8u101\7261\hotspot\st“nvøŒ?
Event: 0.235 Thread 0x0000000002b51000 Exception <a 'java/lang/NoSuchMethodError': Method sun.misc.Unsafe.prefetchRead(Ljava/lang/Object;J)V name or signature does not match> (0x00000000eab07fa8) thrown at [C:\re\workspace\8-2-build-windows-amd64-cygwin\jdk8u101\7261\hotspot\src\share\vm\prims\

Events (10 events):
Event: 0.863 loading class java/util/ComparableTimSort
Event: 0.864 loading class java/util/ComparableTimSort done
Event: 0.864 loading class com/android/dx/dex/file/MapItem
Event: 0.864 loading class com/android/dx/dex/file/MapItem done
Event: 0.865 loading class com/android/dx/dex/file/UniformListItem
Event: 0.865 loading class com/android/dx/dex/file/UniformListItem done
Event: 0.865 loading class com/android/dx/util/ByteArrayAnnotatedOutput
Event: 0.865 loading class com/android/dx/util/ByteArrayAnnotatedOutput done
Event: 0.866 loading class com/android/dex/DexFormat
Event: 0.866 loading class com/android/dex/DexFormat done


Dynamic libraries:
0x00007ff717ef0000 - 0x00007ff717f27000 	G:\Java\JDK\bin\java.exe
0x00007ffac5950000 - 0x00007ffac5b12000 	C:\Windows\SYSTEM32\ntdll.dll
0x00007ffac3580000 - 0x00007ffac362d000 	C:\Windows\system32\KERNEL32.DLL
0x00007ffac2e40000 - 0x00007ffac301d000 	C:\Windows\system32\KERNELBASE.dll
0x00007ffac5390000 - 0x00007ffac5436000 	C:\Windows\system32\ADVAPI32.dll
0x00007ffac58b0000 - 0x00007ffac594d000 	C:\Windows\system32\msvcrt.dll
0x00007ffac5850000 - 0x00007ffac58ab000 	C:\Windows\system32\sechost.dll
0x00007ffac33e0000 - 0x00007ffac3506000 	C:\Windows\system32\RPCRT4.dll
0x00007ffac36f0000 - 0x00007ffac383e000 	C:\Windows\system32\USER32.dll
0x00007ffac5440000 - 0x00007ffac55c5000 	C:\Windows\system32\GDI32.dll
0x00007ffabce50000 - 0x00007ffabd0c4000 	C:\Windows\WinSxS\amd64_microsoft.windows.common-controls_6595b64144ccf1df_6.0.10240.16384_none_f41f7b285750ef43\COMCTL32.dll
0x00007ffac3bd0000 - 0x00007ffac3c06000 	C:\Windows\system32\IMM32.DLL
0x00007ffac3a60000 - 0x00007ffac3bbc000 	C:\Windows\system32\MSCTF.dll
0x0000000058700000 - 0x00000000587d2000 	G:\Java\JDK\jre\bin\msvcr100.dll
0x0000000057e60000 - 0x00000000586fa000 	G:\Java\JDK\jre\bin\server\jvm.dll
0x00007ffac3510000 - 0x00007ffac3518000 	C:\Windows\system32\PSAPI.DLL
0x00007ffab7dd0000 - 0x00007ffab7dd9000 	C:\Windows\SYSTEM32\WSOCK32.dll
0x00007ffac3910000 - 0x00007ffac3979000 	C:\Windows\system32\WS2_32.dll
0x00007ffac3bc0000 - 0x00007ffac3bc8000 	C:\Windows\system32\NSI.dll
0x00007ffac0480000 - 0x00007ffac04a3000 	C:\Windows\SYSTEM32\WINMM.dll
0x00007ffabfb40000 - 0x00007ffabfb4a000 	C:\Windows\SYSTEM32\VERSION.dll
0x00007ffac0420000 - 0x00007ffac044c000 	C:\Windows\SYSTEM32\WINMMBASE.dll
0x00007ffac27c0000 - 0x00007ffac2804000 	C:\Windows\system32\cfgmgr32.dll
0x00007ffac0cf0000 - 0x00007ffac0d17000 	C:\Windows\SYSTEM32\DEVOBJ.dll
0x0000000057e50000 - 0x0000000057e5f000 	G:\Java\JDK\jre\bin\verify.dll
0x0000000057e20000 - 0x0000000057e49000 	G:\Java\JDK\jre\bin\java.dll
0x0000000057e00000 - 0x0000000057e16000 	G:\Java\JDK\jre\bin\zip.dll
0x00007ffac3e60000 - 0x00007ffac5383000 	C:\Windows\system32\SHELL32.dll
0x00007ffac2810000 - 0x00007ffac2e39000 	C:\Windows\system32\windows.storage.dll
0x00007ffac55d0000 - 0x00007ffac584c000 	C:\Windows\system32\combase.dll
0x00007ffac3520000 - 0x00007ffac3571000 	C:\Windows\system32\shlwapi.dll
0x00007ffac23f0000 - 0x00007ffac23ff000 	C:\Windows\system32\kernel.appcore.dll
0x00007ffac2420000 - 0x00007ffac24d3000 	C:\Windows\system32\shcore.dll
0x00007ffac23a0000 - 0x00007ffac23ea000 	C:\Windows\system32\powrprof.dll
0x00007ffac2400000 - 0x00007ffac2413000 	C:\Windows\system32\profapi.dll

VM Arguments:
jvm_args: -Djava.awt.headless=true -Xmx1024M -Dfile.encoding=GBK -Duser.country=CN -Duser.language=zh -Duser.variant 
java_command: com.android.dx.command.Main --dex --force-jumbo --num-threads=4 --multi-dex --output G:\Android\Projects\ZXingLib-master\app\build\intermediates\transforms\dex\debug\folders\1000\5\slice_4 G:\Android\Projects\ZXingLib-master\app\build\intermediates\transforms\instantRunSlicer\debug\folders\1\5\slice_4
java_class_path (initial): G:\Android\AndroidSDK\build-tools\23.0.0\lib\dx.jar
Launcher Type: SUN_STANDARD

Environment Variables:
JAVA_HOME=G:\Java\JDK\
CLASSPATH=.;G:\Java\JDK\\lib\dt.jar;G:\Java\JDK\\lib\tools.jar;
PATH=C:\ProgramData\Oracle\Java\javapath;G:\Java\JDK\\bin;G:\Java\JDK\\jre\bin;D:\AOMEI Backupper 3.5;C:\Windows\system32;C:\Windows\System32\wbem;D:\Python\Scripts\;D:\Python\;D:\Microsoft Visual Studio\Common\Tools\WinNT;D:\Microsoft Visual Studio\Common\MSDev98\Bin;D:\Microsoft Visual Studio\Common\Tools;D:\Microsoft Visual Studio\VC98\bin;C:\Windows\System32\wbem
USERNAME=SuperChen
OS=Windows_NT
PROCESSOR_IDENTIFIER=Intel64 Family 6 Model 94 Stepping 3, GenuineIntel



---------------  S Y S T E M  ---------------

OS: Windows 10.0 , 64 bit Build 10240 (10.0.10240.16384)

CPU:total 4 (4 cores per cpu, 1 threads per core) family 6 model 94 stepping 3, cmov, cx8, fxsr, mmx, sse, sse2, sse3, ssse3, sse4.1, sse4.2, popcnt, avx, avx2, aes, clmul, erms, rtm, 3dnowpref, lzcnt, tsc, tscinvbit, bmi1, bmi2, adx

Memory: 4k page, physical 8245152k(850268k free), swap 9293728k(3068k free)

vm_info: Java HotSpot(TM) 64-Bit Server VM (25.101-b13) for windows-amd64 JRE (1.8.0_101-b13), built on Jun 22 2016 01:21:29 by "java_re" with MS VC++ 10.0 (VS2010)

time: Sat Nov 05 20:58:29 2016
elapsed time: 0 seconds (0d 0h 0m 0s)

